[2020-07-15T23:38:07.815] [DEBUG] cheese - login => username:zs,password:123456
[2020-07-15T23:38:07.817] [DEBUG] cheese - zs
[2020-07-15T23:38:08.259] [DEBUG] cheese - null
[2020-07-15T23:38:08.260] [DEBUG] cheese - null
[2020-07-15T23:38:39.888] [DEBUG] cheese - login => username:admin,password:123456
[2020-07-15T23:38:39.888] [DEBUG] cheese - admin
[2020-07-15T23:38:39.899] [DEBUG] cheese - null
[2020-07-15T23:38:39.899] [DEBUG] cheese - null
[2020-07-20T15:46:28.931] [DEBUG] cheese - login => username:admin,password:123456
[2020-07-20T15:46:28.933] [DEBUG] cheese - admin
[2020-07-20T15:46:29.308] [DEBUG] cheese - null
[2020-07-20T15:46:29.309] [DEBUG] cheese - null
[2020-07-20T15:48:03.664] [DEBUG] cheese - login => username:admin,password:123456
[2020-07-20T15:48:03.664] [DEBUG] cheese - admin
[2020-07-20T15:48:03.666] [DEBUG] cheese - null
[2020-07-20T15:48:03.667] [DEBUG] cheese - null
[2020-07-20T15:49:15.017] [DEBUG] cheese - login => username:admin,password:123456
[2020-07-20T15:49:15.017] [DEBUG] cheese - admin
[2020-07-20T15:49:15.019] [DEBUG] cheese - null
[2020-07-20T15:49:15.019] [DEBUG] cheese - null
[2020-07-20T15:51:59.057] [DEBUG] cheese - login => username:admin,password:123456
[2020-07-20T15:51:59.057] [DEBUG] cheese - admin
[2020-07-20T15:51:59.061] [DEBUG] cheese - null
[2020-07-20T15:51:59.061] [DEBUG] cheese - null
[2020-07-20T15:52:03.191] [DEBUG] cheese - login => username:admin,password:12345666
[2020-07-20T15:52:03.191] [DEBUG] cheese - admin
[2020-07-20T15:52:03.192] [DEBUG] cheese - null
[2020-07-20T15:52:03.193] [DEBUG] cheese - null
[2020-07-20T15:59:29.604] [DEBUG] cheese - login => username:admin,password:123456
[2020-07-20T15:59:29.604] [DEBUG] cheese - admin
[2020-07-20T15:59:29.609] [DEBUG] cheese - null
[2020-07-20T15:59:29.609] [DEBUG] cheese - null
[2020-07-20T15:59:31.136] [DEBUG] cheese - login => username:admin,password:123456
[2020-07-20T15:59:31.136] [DEBUG] cheese - admin
[2020-07-20T15:59:31.138] [DEBUG] cheese - null
[2020-07-20T15:59:31.138] [DEBUG] cheese - null
[2020-07-20T15:59:31.855] [DEBUG] cheese - login => username:admin,password:123456
[2020-07-20T15:59:31.855] [DEBUG] cheese - admin
[2020-07-20T15:59:31.857] [DEBUG] cheese - null
[2020-07-20T15:59:31.857] [DEBUG] cheese - null
[2020-07-20T15:59:32.356] [DEBUG] cheese - login => username:admin,password:123456
[2020-07-20T15:59:32.356] [DEBUG] cheese - admin
[2020-07-20T15:59:32.358] [DEBUG] cheese - null
[2020-07-20T15:59:32.358] [DEBUG] cheese - null
[2020-07-20T15:59:32.739] [DEBUG] cheese - login => username:admin,password:123456
[2020-07-20T15:59:32.740] [DEBUG] cheese - admin
[2020-07-20T15:59:32.741] [DEBUG] cheese - null
[2020-07-20T15:59:32.741] [DEBUG] cheese - null
[2020-07-20T15:59:33.165] [DEBUG] cheese - login => username:admin,password:123456
[2020-07-20T15:59:33.165] [DEBUG] cheese - admin
[2020-07-20T15:59:33.167] [DEBUG] cheese - null
[2020-07-20T15:59:33.167] [DEBUG] cheese - null
[2020-07-20T15:59:33.628] [DEBUG] cheese - login => username:admin,password:123456
[2020-07-20T15:59:33.628] [DEBUG] cheese - admin
[2020-07-20T15:59:33.630] [DEBUG] cheese - null
[2020-07-20T15:59:33.630] [DEBUG] cheese - null
[2020-07-20T15:59:34.037] [DEBUG] cheese - login => username:admin,password:123456
[2020-07-20T15:59:34.037] [DEBUG] cheese - admin
[2020-07-20T15:59:34.039] [DEBUG] cheese - null
[2020-07-20T15:59:34.039] [DEBUG] cheese - null
[2020-07-20T15:59:34.421] [DEBUG] cheese - login => username:admin,password:123456
[2020-07-20T15:59:34.421] [DEBUG] cheese - admin
[2020-07-20T15:59:34.423] [DEBUG] cheese - null
[2020-07-20T15:59:34.423] [DEBUG] cheese - null
[2020-07-20T15:59:38.250] [DEBUG] cheese - login => username:admin,password:123456555
[2020-07-20T15:59:38.250] [DEBUG] cheese - admin
[2020-07-20T15:59:38.253] [DEBUG] cheese - null
[2020-07-20T15:59:38.253] [DEBUG] cheese - null
[2020-07-20T15:59:38.858] [DEBUG] cheese - login => username:admin,password:123456555
[2020-07-20T15:59:38.858] [DEBUG] cheese - admin
[2020-07-20T15:59:38.860] [DEBUG] cheese - null
[2020-07-20T15:59:38.860] [DEBUG] cheese - null
[2020-07-20T15:59:39.351] [DEBUG] cheese - login => username:admin,password:123456555
[2020-07-20T15:59:39.351] [DEBUG] cheese - admin
[2020-07-20T15:59:39.354] [DEBUG] cheese - null
[2020-07-20T15:59:39.354] [DEBUG] cheese - null
[2020-07-20T15:59:39.676] [DEBUG] cheese - login => username:admin,password:123456555
[2020-07-20T15:59:39.676] [DEBUG] cheese - admin
[2020-07-20T15:59:39.678] [DEBUG] cheese - null
[2020-07-20T15:59:39.678] [DEBUG] cheese - null
[2020-07-20T15:59:39.979] [DEBUG] cheese - login => username:admin,password:123456555
[2020-07-20T15:59:39.979] [DEBUG] cheese - admin
[2020-07-20T15:59:39.981] [DEBUG] cheese - null
[2020-07-20T15:59:39.981] [DEBUG] cheese - null
[2020-07-20T15:59:40.167] [DEBUG] cheese - login => username:admin,password:123456555
[2020-07-20T15:59:40.167] [DEBUG] cheese - admin
[2020-07-20T15:59:40.169] [DEBUG] cheese - null
[2020-07-20T15:59:40.170] [DEBUG] cheese - null
[2020-07-20T15:59:40.331] [DEBUG] cheese - login => username:admin,password:123456555
[2020-07-20T15:59:40.331] [DEBUG] cheese - admin
[2020-07-20T15:59:40.333] [DEBUG] cheese - null
[2020-07-20T15:59:40.333] [DEBUG] cheese - null
[2020-07-20T15:59:40.663] [DEBUG] cheese - login => username:admin,password:123456555
[2020-07-20T15:59:40.663] [DEBUG] cheese - admin
[2020-07-20T15:59:40.665] [DEBUG] cheese - null
[2020-07-20T15:59:40.665] [DEBUG] cheese - null
[2020-07-20T15:59:40.827] [DEBUG] cheese - login => username:admin,password:123456555
[2020-07-20T15:59:40.827] [DEBUG] cheese - admin
[2020-07-20T15:59:40.829] [DEBUG] cheese - null
[2020-07-20T15:59:40.829] [DEBUG] cheese - null
[2020-07-20T15:59:42.465] [DEBUG] cheese - login => username:admin,password:123456555
[2020-07-20T15:59:42.465] [DEBUG] cheese - admin
[2020-07-20T15:59:42.466] [DEBUG] cheese - null
[2020-07-20T15:59:42.466] [DEBUG] cheese - null
[2020-07-20T15:59:42.786] [DEBUG] cheese - login => username:admin,password:123456555
[2020-07-20T15:59:42.787] [DEBUG] cheese - admin
[2020-07-20T15:59:42.789] [DEBUG] cheese - null
[2020-07-20T15:59:42.789] [DEBUG] cheese - null
[2020-07-20T15:59:42.954] [DEBUG] cheese - login => username:admin,password:123456555
[2020-07-20T15:59:42.954] [DEBUG] cheese - admin
[2020-07-20T15:59:42.956] [DEBUG] cheese - null
[2020-07-20T15:59:42.956] [DEBUG] cheese - null
[2020-07-20T15:59:43.125] [DEBUG] cheese - login => username:admin,password:123456555
[2020-07-20T15:59:43.126] [DEBUG] cheese - admin
[2020-07-20T15:59:43.127] [DEBUG] cheese - null
[2020-07-20T15:59:43.127] [DEBUG] cheese - null
[2020-07-20T15:59:43.639] [DEBUG] cheese - login => username:admin,password:123456555
[2020-07-20T15:59:43.639] [DEBUG] cheese - admin
[2020-07-20T15:59:43.641] [DEBUG] cheese - null
[2020-07-20T15:59:43.641] [DEBUG] cheese - null
[2020-07-20T15:59:43.786] [DEBUG] cheese - login => username:admin,password:123456555
[2020-07-20T15:59:43.786] [DEBUG] cheese - admin
[2020-07-20T15:59:43.788] [DEBUG] cheese - null
[2020-07-20T15:59:43.788] [DEBUG] cheese - null
[2020-07-20T15:59:43.925] [DEBUG] cheese - login => username:admin,password:123456555
[2020-07-20T15:59:43.925] [DEBUG] cheese - admin
[2020-07-20T15:59:43.927] [DEBUG] cheese - null
[2020-07-20T15:59:43.927] [DEBUG] cheese - null
[2020-07-20T15:59:45.491] [DEBUG] cheese - login => username:admin,password:123456555
[2020-07-20T15:59:45.491] [DEBUG] cheese - admin
[2020-07-20T15:59:45.493] [DEBUG] cheese - null
[2020-07-20T15:59:45.493] [DEBUG] cheese - null
[2020-07-20T15:59:45.658] [DEBUG] cheese - login => username:admin,password:123456555
[2020-07-20T15:59:45.658] [DEBUG] cheese - admin
[2020-07-20T15:59:45.660] [DEBUG] cheese - null
[2020-07-20T15:59:45.660] [DEBUG] cheese - null
[2020-07-20T15:59:46.418] [DEBUG] cheese - login => username:admin,password:123456555
[2020-07-20T15:59:46.418] [DEBUG] cheese - admin
[2020-07-20T15:59:46.421] [DEBUG] cheese - null
[2020-07-20T15:59:46.421] [DEBUG] cheese - null
[2020-07-20T15:59:46.563] [DEBUG] cheese - login => username:admin,password:123456555
[2020-07-20T15:59:46.563] [DEBUG] cheese - admin
[2020-07-20T15:59:46.564] [DEBUG] cheese - null
[2020-07-20T15:59:46.564] [DEBUG] cheese - null
[2020-07-20T15:59:46.707] [DEBUG] cheese - login => username:admin,password:123456555
[2020-07-20T15:59:46.707] [DEBUG] cheese - admin
[2020-07-20T15:59:46.709] [DEBUG] cheese - null
[2020-07-20T15:59:46.709] [DEBUG] cheese - null
[2020-07-20T15:59:46.850] [DEBUG] cheese - login => username:admin,password:123456555
[2020-07-20T15:59:46.850] [DEBUG] cheese - admin
[2020-07-20T15:59:46.852] [DEBUG] cheese - null
[2020-07-20T15:59:46.852] [DEBUG] cheese - null
[2020-07-20T15:59:46.996] [DEBUG] cheese - login => username:admin,password:123456555
[2020-07-20T15:59:46.996] [DEBUG] cheese - admin
[2020-07-20T15:59:47.003] [DEBUG] cheese - null
[2020-07-20T15:59:47.004] [DEBUG] cheese - null
[2020-07-20T15:59:48.763] [DEBUG] cheese - login => username:admin,password:123456555
[2020-07-20T15:59:48.763] [DEBUG] cheese - admin
[2020-07-20T15:59:48.765] [DEBUG] cheese - null
[2020-07-20T15:59:48.765] [DEBUG] cheese - null
[2020-07-20T15:59:48.912] [DEBUG] cheese - login => username:admin,password:123456555
[2020-07-20T15:59:48.912] [DEBUG] cheese - admin
[2020-07-20T15:59:48.914] [DEBUG] cheese - null
[2020-07-20T15:59:48.914] [DEBUG] cheese - null
[2020-07-20T15:59:49.042] [DEBUG] cheese - login => username:admin,password:123456555
[2020-07-20T15:59:49.042] [DEBUG] cheese - admin
[2020-07-20T15:59:49.044] [DEBUG] cheese - null
[2020-07-20T15:59:49.044] [DEBUG] cheese - null
[2020-07-20T15:59:49.189] [DEBUG] cheese - login => username:admin,password:123456555
[2020-07-20T15:59:49.189] [DEBUG] cheese - admin
[2020-07-20T15:59:49.191] [DEBUG] cheese - null
[2020-07-20T15:59:49.191] [DEBUG] cheese - null
[2020-07-20T15:59:51.322] [DEBUG] cheese - login => username:admin,password:123456555
[2020-07-20T15:59:51.322] [DEBUG] cheese - admin
[2020-07-20T15:59:51.324] [DEBUG] cheese - null
[2020-07-20T15:59:51.324] [DEBUG] cheese - null
[2020-07-20T15:59:51.469] [DEBUG] cheese - login => username:admin,password:123456555
[2020-07-20T15:59:51.469] [DEBUG] cheese - admin
[2020-07-20T15:59:51.471] [DEBUG] cheese - null
[2020-07-20T15:59:51.471] [DEBUG] cheese - null
[2020-07-20T15:59:51.617] [DEBUG] cheese - login => username:admin,password:123456555
[2020-07-20T15:59:51.617] [DEBUG] cheese - admin
[2020-07-20T15:59:51.620] [DEBUG] cheese - null
[2020-07-20T15:59:51.620] [DEBUG] cheese - null
[2020-07-20T15:59:51.775] [DEBUG] cheese - login => username:admin,password:123456555
[2020-07-20T15:59:51.775] [DEBUG] cheese - admin
[2020-07-20T15:59:51.777] [DEBUG] cheese - null
[2020-07-20T15:59:51.777] [DEBUG] cheese - null
[2020-07-20T15:59:51.925] [DEBUG] cheese - login => username:admin,password:123456555
[2020-07-20T15:59:51.925] [DEBUG] cheese - admin
[2020-07-20T15:59:51.927] [DEBUG] cheese - null
[2020-07-20T15:59:51.927] [DEBUG] cheese - null
[2020-07-20T15:59:52.059] [DEBUG] cheese - login => username:admin,password:123456555
[2020-07-20T15:59:52.059] [DEBUG] cheese - admin
[2020-07-20T15:59:52.061] [DEBUG] cheese - null
[2020-07-20T15:59:52.061] [DEBUG] cheese - null
[2020-07-20T15:59:52.191] [DEBUG] cheese - login => username:admin,password:123456555
[2020-07-20T15:59:52.191] [DEBUG] cheese - admin
[2020-07-20T15:59:52.193] [DEBUG] cheese - null
[2020-07-20T15:59:52.193] [DEBUG] cheese - null
[2020-07-20T15:59:54.394] [DEBUG] cheese - login => username:admin,password:123456555
[2020-07-20T15:59:54.394] [DEBUG] cheese - admin
[2020-07-20T15:59:54.396] [DEBUG] cheese - null
[2020-07-20T15:59:54.396] [DEBUG] cheese - null
[2020-07-20T15:59:54.534] [DEBUG] cheese - login => username:admin,password:123456555
[2020-07-20T15:59:54.534] [DEBUG] cheese - admin
[2020-07-20T15:59:54.536] [DEBUG] cheese - null
[2020-07-20T15:59:54.536] [DEBUG] cheese - null
[2020-07-20T15:59:54.671] [DEBUG] cheese - login => username:admin,password:123456555
[2020-07-20T15:59:54.671] [DEBUG] cheese - admin
[2020-07-20T15:59:54.673] [DEBUG] cheese - null
[2020-07-20T15:59:54.673] [DEBUG] cheese - null
[2020-07-20T15:59:54.807] [DEBUG] cheese - login => username:admin,password:123456555
[2020-07-20T15:59:54.807] [DEBUG] cheese - admin
[2020-07-20T15:59:54.809] [DEBUG] cheese - null
[2020-07-20T15:59:54.809] [DEBUG] cheese - null
[2020-07-20T15:59:54.940] [DEBUG] cheese - login => username:admin,password:123456555
[2020-07-20T15:59:54.941] [DEBUG] cheese - admin
[2020-07-20T15:59:54.943] [DEBUG] cheese - null
[2020-07-20T15:59:54.943] [DEBUG] cheese - null
[2020-07-20T15:59:55.065] [DEBUG] cheese - login => username:admin,password:123456555
[2020-07-20T15:59:55.065] [DEBUG] cheese - admin
[2020-07-20T15:59:55.067] [DEBUG] cheese - null
[2020-07-20T15:59:55.067] [DEBUG] cheese - null
[2020-07-20T15:59:55.164] [DEBUG] cheese - login => username:admin,password:123456555
[2020-07-20T15:59:55.164] [DEBUG] cheese - admin
[2020-07-20T15:59:55.165] [DEBUG] cheese - null
[2020-07-20T15:59:55.165] [DEBUG] cheese - null
[2020-07-20T15:59:56.440] [DEBUG] cheese - login => username:admin,password:123456555
[2020-07-20T15:59:56.440] [DEBUG] cheese - admin
[2020-07-20T15:59:56.441] [DEBUG] cheese - null
[2020-07-20T15:59:56.441] [DEBUG] cheese - null
[2020-07-20T15:59:56.595] [DEBUG] cheese - login => username:admin,password:123456555
[2020-07-20T15:59:56.595] [DEBUG] cheese - admin
[2020-07-20T15:59:56.597] [DEBUG] cheese - null
[2020-07-20T15:59:56.597] [DEBUG] cheese - null
[2020-07-20T15:59:58.001] [DEBUG] cheese - login => username:admin,password:123456555
[2020-07-20T15:59:58.001] [DEBUG] cheese - admin
[2020-07-20T15:59:58.003] [DEBUG] cheese - null
[2020-07-20T15:59:58.003] [DEBUG] cheese - null
[2020-07-20T15:59:58.157] [DEBUG] cheese - login => username:admin,password:123456555
[2020-07-20T15:59:58.157] [DEBUG] cheese - admin
[2020-07-20T15:59:58.159] [DEBUG] cheese - null
[2020-07-20T15:59:58.159] [DEBUG] cheese - null
[2020-07-20T15:59:58.305] [DEBUG] cheese - login => username:admin,password:123456555
[2020-07-20T15:59:58.305] [DEBUG] cheese - admin
[2020-07-20T15:59:58.307] [DEBUG] cheese - null
[2020-07-20T15:59:58.307] [DEBUG] cheese - null
[2020-07-20T15:59:58.453] [DEBUG] cheese - login => username:admin,password:123456555
[2020-07-20T15:59:58.453] [DEBUG] cheese - admin
[2020-07-20T15:59:58.455] [DEBUG] cheese - null
[2020-07-20T15:59:58.455] [DEBUG] cheese - null
[2020-07-20T15:59:58.596] [DEBUG] cheese - login => username:admin,password:123456555
[2020-07-20T15:59:58.596] [DEBUG] cheese - admin
[2020-07-20T15:59:58.598] [DEBUG] cheese - null
[2020-07-20T15:59:58.598] [DEBUG] cheese - null
[2020-07-20T15:59:59.589] [DEBUG] cheese - login => username:admin,password:123456555
[2020-07-20T15:59:59.589] [DEBUG] cheese - admin
[2020-07-20T15:59:59.591] [DEBUG] cheese - null
[2020-07-20T15:59:59.591] [DEBUG] cheese - null
[2020-07-20T15:59:59.753] [DEBUG] cheese - login => username:admin,password:123456555
[2020-07-20T15:59:59.754] [DEBUG] cheese - admin
[2020-07-20T15:59:59.756] [DEBUG] cheese - null
[2020-07-20T15:59:59.756] [DEBUG] cheese - null
[2020-07-20T16:00:01.159] [DEBUG] cheese - login => username:admin,password:123456555
[2020-07-20T16:00:01.159] [DEBUG] cheese - admin
[2020-07-20T16:00:01.161] [DEBUG] cheese - null
[2020-07-20T16:00:01.161] [DEBUG] cheese - null
[2020-07-20T16:00:01.346] [DEBUG] cheese - login => username:admin,password:123456555
[2020-07-20T16:00:01.346] [DEBUG] cheese - admin
[2020-07-20T16:00:01.347] [DEBUG] cheese - null
[2020-07-20T16:00:01.347] [DEBUG] cheese - null
[2020-07-20T16:00:01.518] [DEBUG] cheese - login => username:admin,password:123456555
[2020-07-20T16:00:01.519] [DEBUG] cheese - admin
[2020-07-20T16:00:01.521] [DEBUG] cheese - null
[2020-07-20T16:00:01.521] [DEBUG] cheese - null
[2020-07-20T16:00:01.679] [DEBUG] cheese - login => username:admin,password:123456555
[2020-07-20T16:00:01.679] [DEBUG] cheese - admin
[2020-07-20T16:00:01.680] [DEBUG] cheese - null
[2020-07-20T16:00:01.680] [DEBUG] cheese - null
[2020-07-20T16:00:01.843] [DEBUG] cheese - login => username:admin,password:123456555
[2020-07-20T16:00:01.843] [DEBUG] cheese - admin
[2020-07-20T16:00:01.845] [DEBUG] cheese - null
[2020-07-20T16:00:01.845] [DEBUG] cheese - null
[2020-07-20T16:04:47.706] [DEBUG] cheese - login => username:admin,password:123456
[2020-07-20T16:04:47.706] [DEBUG] cheese - admin
[2020-07-20T16:04:47.709] [DEBUG] cheese - null
[2020-07-20T16:04:47.709] [DEBUG] cheese - null
[2020-07-20T16:07:08.308] [DEBUG] cheese - login => username:admin,password:123456
[2020-07-20T16:07:08.308] [DEBUG] cheese - admin
[2020-07-20T16:07:08.312] [DEBUG] cheese - null
[2020-07-20T16:07:08.313] [DEBUG] cheese - null
[2020-07-20T16:16:35.834] [DEBUG] cheese - login => username:admin,password:123456
[2020-07-20T16:16:35.834] [DEBUG] cheese - admin
[2020-07-20T16:16:35.837] [DEBUG] cheese - null
[2020-07-20T16:16:35.838] [DEBUG] cheese - null
[2020-07-20T16:18:45.005] [DEBUG] cheese - login => username:admin,password:123456
[2020-07-20T16:18:45.005] [DEBUG] cheese - admin
[2020-07-20T16:18:45.008] [DEBUG] cheese - null
[2020-07-20T16:18:45.008] [DEBUG] cheese - null
[2020-07-20T16:18:54.093] [DEBUG] cheese - login => username:admin,password:123456
[2020-07-20T16:18:54.093] [DEBUG] cheese - admin
[2020-07-20T16:18:54.094] [DEBUG] cheese - null
[2020-07-20T16:18:54.094] [DEBUG] cheese - null
[2020-07-20T18:04:04.076] [DEBUG] cheese - login => username:admin,password:123456
[2020-07-20T18:04:04.077] [DEBUG] cheese - admin
[2020-07-20T18:04:04.331] [DEBUG] cheese - null
[2020-07-20T18:04:04.331] [DEBUG] cheese - null
[2020-07-20T18:36:54.930] [DEBUG] cheese - login => username:admin,password:123456
[2020-07-20T18:36:54.930] [DEBUG] cheese - admin
[2020-07-20T18:36:55.046] [DEBUG] cheese - null
[2020-07-20T18:36:55.046] [DEBUG] cheese - null
[2020-07-20T18:38:15.607] [DEBUG] cheese - login => username:admin,password:123456
[2020-07-20T18:38:15.607] [DEBUG] cheese - admin
[2020-07-20T18:38:15.609] [DEBUG] cheese - null
[2020-07-20T18:38:15.609] [DEBUG] cheese - null
[2020-07-20T19:37:45.792] [DEBUG] cheese - login => username:admin,password:123456
[2020-07-20T19:37:45.793] [DEBUG] cheese - admin
[2020-07-20T19:37:45.797] [DEBUG] cheese - null
[2020-07-20T19:37:45.798] [DEBUG] cheese - null
[2020-07-20T20:01:48.725] [DEBUG] cheese - login => username:admin,password:123456
[2020-07-20T20:01:48.725] [DEBUG] cheese - admin
[2020-07-20T20:01:48.726] [DEBUG] cheese - null
[2020-07-20T20:01:48.727] [DEBUG] cheese - null
[2020-07-20T20:03:12.488] [DEBUG] cheese - login => username:admin,password:123456
[2020-07-20T20:03:12.488] [DEBUG] cheese - admin
[2020-07-20T20:03:12.490] [DEBUG] cheese - null
[2020-07-20T20:03:12.490] [DEBUG] cheese - null
[2020-07-20T20:09:52.810] [DEBUG] cheese - login => username:admin,password:123456
[2020-07-20T20:09:52.810] [DEBUG] cheese - admin
[2020-07-20T20:09:52.811] [DEBUG] cheese - null
[2020-07-20T20:09:52.811] [DEBUG] cheese - null
